This file contains any messages produced by compilers while
running configure, to aid debugging if configure makes a mistake.

It was created by PiMotor configure 1.0, which was
generated by GNU Autoconf 2.69.  Invocation command line was

  $ /home/domahony/workspace/PiMotor/configure --host=arm-linux-gnueabihf CXXFLAGS=-ggdb3

## --------- ##
## Platform. ##
## --------- ##

hostname = frodo
uname -m = i686
uname -r = 3.11.0-18-generic
uname -s = Linux
uname -v = #32-Ubuntu SMP Tue Feb 18 21:13:28 UTC 2014

/usr/bin/uname -p = unknown
/bin/uname -X     = unknown

/bin/arch              = unknown
/usr/bin/arch -k       = unknown
/usr/convex/getsysinfo = unknown
/usr/bin/hostinfo      = unknown
/bin/machine           = unknown
/usr/bin/oslevel       = unknown
/bin/universe          = unknown

PATH: /home/domahony/Applications/jdk1.7.0_51/bin
PATH: /usr/lib/lightdm/lightdm
PATH: /usr/local/sbin
PATH: /usr/local/bin
PATH: /usr/sbin
PATH: /usr/bin
PATH: /sbin
PATH: /bin
PATH: /usr/games
PATH: /usr/local/games


## ----------- ##
## Core tests. ##
## ----------- ##

configure:1836: checking build system type
configure:1850: result: i686-pc-linux-gnu
configure:1870: checking host system type
configure:1883: result: arm-unknown-linux-gnueabihf
configure:1903: checking target system type
configure:1916: result: arm-unknown-linux-gnueabihf
configure:1959: checking for a BSD-compatible install
configure:2027: result: /usr/bin/install -c
configure:2038: checking whether build environment is sane
configure:2093: result: yes
configure:2152: checking for arm-linux-gnueabihf-strip
configure:2168: found /usr/bin/arm-linux-gnueabihf-strip
configure:2179: result: arm-linux-gnueabihf-strip
configure:2244: checking for a thread-safe mkdir -p
configure:2283: result: /bin/mkdir -p
configure:2290: checking for gawk
configure:2320: result: no
configure:2290: checking for mawk
configure:2306: found /usr/bin/mawk
configure:2317: result: mawk
configure:2328: checking whether make sets $(MAKE)
configure:2350: result: yes
configure:2379: checking whether make supports nested variables
configure:2396: result: yes
configure:2495: checking for arm-linux-gnueabihf-g++
configure:2511: found /usr/bin/arm-linux-gnueabihf-g++
configure:2522: result: arm-linux-gnueabihf-g++
configure:2593: checking for C++ compiler version
configure:2602: arm-linux-gnueabihf-g++ --version >&5
arm-linux-gnueabihf-g++ (Ubuntu/Linaro 4.8.1-10ubuntu7) 4.8.1
Copyright (C) 2013 Free Software Foundation, Inc.
This is free software; see the source for copying conditions.  There is NO
warranty; not even for MERCHANTABILITY or FITNESS FOR A PARTICULAR PURPOSE.

configure:2613: $? = 0
configure:2602: arm-linux-gnueabihf-g++ -v >&5
Using built-in specs.
COLLECT_GCC=arm-linux-gnueabihf-g++
COLLECT_LTO_WRAPPER=/usr/lib/gcc-cross/arm-linux-gnueabihf/4.8/lto-wrapper
Target: arm-linux-gnueabihf
Configured with: ../src/configure -v --with-pkgversion='Ubuntu/Linaro 4.8.1-10ubuntu7' --with-bugurl=file:///usr/share/doc/gcc-4.8/README.Bugs --enable-languages=c,c++,java,go,d,fortran,objc,obj-c++ --prefix=/usr --program-suffix=-4.8 --enable-shared --enable-linker-build-id --libexecdir=/usr/lib --without-included-gettext --enable-threads=posix --with-gxx-include-dir=/usr/arm-linux-gnueabihf/include/c++/4.8.1 --libdir=/usr/lib --enable-nls --with-sysroot=/ --enable-clocale=gnu --enable-libstdcxx-debug --enable-libstdcxx-time=yes --enable-gnu-unique-object --disable-libitm --disable-libquadmath --enable-plugin --with-system-zlib --disable-browser-plugin --enable-java-awt=gtk --enable-gtk-cairo --with-java-home=/usr/lib/jvm/java-1.5.0-gcj-4.8-armhf-cross/jre --enable-java-home --with-jvm-root-dir=/usr/lib/jvm/java-1.5.0-gcj-4.8-armhf-cross --with-jvm-jar-dir=/usr/lib/jvm-exports/java-1.5.0-gcj-4.8-armhf-cross --with-arch-directory=arm --with-ecj-jar=/usr/share/java/eclipse-ecj.jar --disable-libgcj --enable-objc-gc --enable-multiarch --enable-multilib --disable-sjlj-exceptions --with-arch=armv7-a --with-fpu=vfpv3-d16 --with-float=hard --with-mode=thumb --disable-werror --enable-checking=release --build=i686-linux-gnu --host=i686-linux-gnu --target=arm-linux-gnueabihf --program-prefix=arm-linux-gnueabihf- --includedir=/usr/arm-linux-gnueabihf/include
Thread model: posix
gcc version 4.8.1 (Ubuntu/Linaro 4.8.1-10ubuntu7) 
configure:2613: $? = 0
configure:2602: arm-linux-gnueabihf-g++ -V >&5
arm-linux-gnueabihf-g++: error: unrecognized command line option '-V'
arm-linux-gnueabihf-g++: fatal error: no input files
compilation terminated.
configure:2613: $? = 4
configure:2602: arm-linux-gnueabihf-g++ -qversion >&5
arm-linux-gnueabihf-g++: error: unrecognized command line option '-qversion'
arm-linux-gnueabihf-g++: fatal error: no input files
compilation terminated.
configure:2613: $? = 4
configure:2633: checking whether the C++ compiler works
configure:2655: arm-linux-gnueabihf-g++ -ggdb3   conftest.cpp  >&5
configure:2659: $? = 0
configure:2707: result: yes
configure:2710: checking for C++ compiler default output file name
configure:2712: result: a.out
configure:2718: checking for suffix of executables
configure:2725: arm-linux-gnueabihf-g++ -o conftest -ggdb3   conftest.cpp  >&5
configure:2729: $? = 0
configure:2751: result: 
configure:2773: checking whether we are cross compiling
configure:2781: arm-linux-gnueabihf-g++ -o conftest -ggdb3   conftest.cpp  >&5
configure:2785: $? = 0
configure:2792: ./conftest
/home/domahony/workspace/PiMotor/configure: line 2794: ./conftest: cannot execute binary file
configure:2796: $? = 126
configure:2811: result: yes
configure:2816: checking for suffix of object files
configure:2838: arm-linux-gnueabihf-g++ -c -ggdb3  conftest.cpp >&5
configure:2842: $? = 0
configure:2863: result: o
configure:2867: checking whether we are using the GNU C++ compiler
configure:2886: arm-linux-gnueabihf-g++ -c -ggdb3  conftest.cpp >&5
configure:2886: $? = 0
configure:2895: result: yes
configure:2904: checking whether arm-linux-gnueabihf-g++ accepts -g
configure:2924: arm-linux-gnueabihf-g++ -c -g  conftest.cpp >&5
configure:2924: $? = 0
configure:2965: result: yes
configure:2999: checking for style of include used by make
configure:3027: result: GNU
configure:3053: checking dependency style of arm-linux-gnueabihf-g++
configure:3164: result: gcc3
configure:3327: checking that generated files are newer than configure
configure:3333: result: done
configure:3356: creating ./config.status

## ---------------------- ##
## Running config.status. ##
## ---------------------- ##

This file was extended by PiMotor config.status 1.0, which was
generated by GNU Autoconf 2.69.  Invocation command line was

  CONFIG_FILES    = 
  CONFIG_HEADERS  = 
  CONFIG_LINKS    = 
  CONFIG_COMMANDS = 
  $ ./config.status 

on frodo

config.status:785: creating Makefile
config.status:785: creating src/Makefile
config.status:942: executing depfiles commands

## ---------------- ##
## Cache variables. ##
## ---------------- ##

ac_cv_build=i686-pc-linux-gnu
ac_cv_cxx_compiler_gnu=yes
ac_cv_env_CCC_set=
ac_cv_env_CCC_value=
ac_cv_env_CPPFLAGS_set=
ac_cv_env_CPPFLAGS_value=
ac_cv_env_CXXFLAGS_set=set
ac_cv_env_CXXFLAGS_value=-ggdb3
ac_cv_env_CXX_set=
ac_cv_env_CXX_value=
ac_cv_env_LDFLAGS_set=
ac_cv_env_LDFLAGS_value=
ac_cv_env_LIBS_set=
ac_cv_env_LIBS_value=
ac_cv_env_build_alias_set=
ac_cv_env_build_alias_value=
ac_cv_env_host_alias_set=set
ac_cv_env_host_alias_value=arm-linux-gnueabihf
ac_cv_env_target_alias_set=
ac_cv_env_target_alias_value=
ac_cv_host=arm-unknown-linux-gnueabihf
ac_cv_objext=o
ac_cv_path_install='/usr/bin/install -c'
ac_cv_path_mkdir=/bin/mkdir
ac_cv_prog_AWK=mawk
ac_cv_prog_CXX=arm-linux-gnueabihf-g++
ac_cv_prog_STRIP=arm-linux-gnueabihf-strip
ac_cv_prog_cxx_g=yes
ac_cv_prog_make_make_set=yes
ac_cv_target=arm-unknown-linux-gnueabihf
am_cv_CXX_dependencies_compiler_type=gcc3
am_cv_make_support_nested_variables=yes

## ----------------- ##
## Output variables. ##
## ----------------- ##

ACLOCAL='${SHELL} /home/domahony/workspace/PiMotor/missing aclocal-1.13'
AMDEPBACKSLASH='\'
AMDEP_FALSE='#'
AMDEP_TRUE=''
AMTAR='$${TAR-tar}'
AM_BACKSLASH='\'
AM_DEFAULT_V='$(AM_DEFAULT_VERBOSITY)'
AM_DEFAULT_VERBOSITY='1'
AM_V='$(V)'
AUTOCONF='${SHELL} /home/domahony/workspace/PiMotor/missing autoconf'
AUTOHEADER='${SHELL} /home/domahony/workspace/PiMotor/missing autoheader'
AUTOMAKE='${SHELL} /home/domahony/workspace/PiMotor/missing automake-1.13'
AWK='mawk'
CPPFLAGS=''
CXX='arm-linux-gnueabihf-g++'
CXXDEPMODE='depmode=gcc3'
CXXFLAGS='-ggdb3'
CYGPATH_W='echo'
DEFS='-DPACKAGE_NAME=\"PiMotor\" -DPACKAGE_TARNAME=\"pimotor\" -DPACKAGE_VERSION=\"1.0\" -DPACKAGE_STRING=\"PiMotor\ 1.0\" -DPACKAGE_BUGREPORT=\"\" -DPACKAGE_URL=\"\" -DPACKAGE=\"pimotor\" -DVERSION=\"1.0\"'
DEPDIR='.deps'
ECHO_C=''
ECHO_N='-n'
ECHO_T=''
EXEEXT=''
INSTALL_DATA='${INSTALL} -m 644'
INSTALL_PROGRAM='${INSTALL}'
INSTALL_SCRIPT='${INSTALL}'
INSTALL_STRIP_PROGRAM='$(install_sh) -c -s'
LDFLAGS=''
LIBOBJS=''
LIBS=''
LTLIBOBJS=''
MAKEINFO='${SHELL} /home/domahony/workspace/PiMotor/missing makeinfo'
MKDIR_P='/bin/mkdir -p'
OBJEXT='o'
PACKAGE='pimotor'
PACKAGE_BUGREPORT=''
PACKAGE_NAME='PiMotor'
PACKAGE_STRING='PiMotor 1.0'
PACKAGE_TARNAME='pimotor'
PACKAGE_URL=''
PACKAGE_VERSION='1.0'
PATH_SEPARATOR=':'
SET_MAKE=''
SHELL='/bin/bash'
STRIP='arm-linux-gnueabihf-strip'
VERSION='1.0'
ac_ct_CXX=''
am__EXEEXT_FALSE=''
am__EXEEXT_TRUE='#'
am__fastdepCXX_FALSE='#'
am__fastdepCXX_TRUE=''
am__include='include'
am__isrc=' -I$(srcdir)'
am__leading_dot='.'
am__nodep='_no'
am__quote=''
am__tar='$${TAR-tar} chof - "$$tardir"'
am__untar='$${TAR-tar} xf -'
bindir='${exec_prefix}/bin'
build='i686-pc-linux-gnu'
build_alias=''
build_cpu='i686'
build_os='linux-gnu'
build_vendor='pc'
datadir='${datarootdir}'
datarootdir='${prefix}/share'
docdir='${datarootdir}/doc/${PACKAGE_TARNAME}'
dvidir='${docdir}'
exec_prefix='${prefix}'
host='arm-unknown-linux-gnueabihf'
host_alias='arm-linux-gnueabihf'
host_cpu='arm'
host_os='linux-gnueabihf'
host_vendor='unknown'
htmldir='${docdir}'
includedir='${prefix}/include'
infodir='${datarootdir}/info'
install_sh='${SHELL} /home/domahony/workspace/PiMotor/install-sh'
libdir='${exec_prefix}/lib'
libexecdir='${exec_prefix}/libexec'
localedir='${datarootdir}/locale'
localstatedir='${prefix}/var'
mandir='${datarootdir}/man'
mkdir_p='$(MKDIR_P)'
oldincludedir='/usr/include'
pdfdir='${docdir}'
prefix='/usr/local'
program_transform_name='s,x,x,'
psdir='${docdir}'
sbindir='${exec_prefix}/sbin'
sharedstatedir='${prefix}/com'
sysconfdir='${prefix}/etc'
target='arm-unknown-linux-gnueabihf'
target_alias=''
target_cpu='arm'
target_os='linux-gnueabihf'
target_vendor='unknown'

## ----------- ##
## confdefs.h. ##
## ----------- ##

/* confdefs.h */
#define PACKAGE_NAME "PiMotor"
#define PACKAGE_TARNAME "pimotor"
#define PACKAGE_VERSION "1.0"
#define PACKAGE_STRING "PiMotor 1.0"
#define PACKAGE_BUGREPORT ""
#define PACKAGE_URL ""
#define PACKAGE "pimotor"
#define VERSION "1.0"

configure: exit 0

## ---------------------- ##
## Running config.status. ##
## ---------------------- ##

This file was extended by PiMotor config.status 1.0, which was
generated by GNU Autoconf 2.69.  Invocation command line was

  CONFIG_FILES    = 
  CONFIG_HEADERS  = 
  CONFIG_LINKS    = 
  CONFIG_COMMANDS = 
  $ ./config.status src/Makefile depfiles

on frodo

config.status:785: creating src/Makefile
config.status:942: executing depfiles commands

## ---------------------- ##
## Running config.status. ##
## ---------------------- ##

This file was extended by PiMotor config.status 1.0, which was
generated by GNU Autoconf 2.69.  Invocation command line was

  CONFIG_FILES    = 
  CONFIG_HEADERS  = 
  CONFIG_LINKS    = 
  CONFIG_COMMANDS = 
  $ ./config.status src/Makefile depfiles

on frodo

config.status:785: creating src/Makefile
config.status:942: executing depfiles commands
